#
# A fatal error has been detected by the Java Runtime Environment:
#
#  EXCEPTION_ACCESS_VIOLATION (0xc0000005) at pc=0x00007ff817066360, pid=15376, tid=16132
#
# JRE version: Java(TM) SE Runtime Environment 18.9 (11.0.18+9) (build 11.0.18+9-LTS-195)
# Java VM: Java HotSpot(TM) 64-Bit Server VM 18.9 (11.0.18+9-LTS-195, mixed mode, tiered, compressed oops, g1 gc, windows-amd64)
# Problematic frame:
# C  [native-platform-file-events.dll+0x46360]
#
# No core dump will be written. Minidumps are not enabled by default on client versions of Windows
#
# If you would like to submit a bug report, please visit:
#   https://bugreport.java.com/bugreport/crash.jsp
# The crash happened outside the Java Virtual Machine in native code.
# See problematic frame for where to report the bug.
#

---------------  S U M M A R Y ------------

Command Line: --add-opens=java.base/java.util=ALL-UNNAMED --add-opens=java.base/java.lang=ALL-UNNAMED --add-opens=java.base/java.lang.invoke=ALL-UNNAMED --add-opens=java.prefs/java.util.prefs=ALL-UNNAMED --add-opens=java.base/java.nio.charset=ALL-UNNAMED --add-opens=java.base/java.net=ALL-UNNAMED --add-opens=java.base/java.util.concurrent.atomic=ALL-UNNAMED -Xmx2048m -Dfile.encoding=UTF-8 -Duser.country=MX -Duser.language=es -Duser.variant org.gradle.launcher.daemon.bootstrap.GradleDaemon 7.6

Host: Intel(R) Core(TM) i3-6006U CPU @ 2.00GHz, 4 cores, 7G,  Windows 10 , 64 bit Build 19041 (10.0.19041.2913)
Time: Wed Jun 21 23:48:13 2023 Hora estándar Montañas, EE.UU. elapsed time: 221.066497 seconds (0d 0h 3m 41s)

---------------  T H R E A D  ---------------

Current thread (0x00000260bebac000):  JavaThread "File watcher server" daemon [_thread_in_native, id=16132, stack(0x000000ee4dd00000,0x000000ee4de00000)]

Stack: [0x000000ee4dd00000,0x000000ee4de00000],  sp=0x000000ee4ddfeaa0,  free space=1018k
Native frames: (J=compiled Java code, j=interpreted, Vv=VM code, C=native code)
C  [native-platform-file-events.dll+0x46360]

Java frames: (J=compiled Java code, j=interpreted, Vv=VM code)
j  net.rubygrapefruit.platform.internal.jni.AbstractNativeFileEventFunctions$NativeFileWatcher.executeRunLoop0(Ljava/lang/Object;)V+0
j  net.rubygrapefruit.platform.internal.jni.AbstractNativeFileEventFunctions$NativeFileWatcher.executeRunLoop()V+5
j  net.rubygrapefruit.platform.internal.jni.AbstractFileEventFunctions$AbstractFileWatcher$1.run()V+21
v  ~StubRoutines::call_stub

siginfo: EXCEPTION_ACCESS_VIOLATION (0xc0000005), reading address 0x00007ff8c6f6b758


Register to memory mapping:

RIP=0x00007ff817066360 native-platform-file-events.dll
RAX=0x00007ff8c6f6b758 is an unknown value
RBX=0x0 is NULL
RCX=0x000000ee516fa5d8 is pointing into the stack for thread: 0x00000260c23c1000
RDX=0x0 is NULL
RSP=0x000000ee4ddfeaa0 is pointing into the stack for thread: 0x00000260bebac000
RBP=0x000000ee4ddff468 is pointing into the stack for thread: 0x00000260bebac000
RSI=0x000000ee516fa5d0 is pointing into the stack for thread: 0x00000260c23c1000
RDI=0x000000ee516fa590 is pointing into the stack for thread: 0x00000260c23c1000
R8 =0x000002609c911680 points into unknown readable memory: 0x000002609c910cc0 | c0 0c 91 9c 60 02 00 00
R9 =0x0000000000000001 is an unknown value
R10=0x0000000000008000 is an unknown value
R11=0x000000ee4ddfe750 is pointing into the stack for thread: 0x00000260bebac000
R12=0x0 is NULL
R13={method} {0x00000260c2e5c6e0} 'executeRunLoop0' '(Ljava/lang/Object;)V' in 'net/rubygrapefruit/platform/internal/jni/AbstractNativeFileEventFunctions$NativeFileWatcher'
R14=0x0 is NULL
R15=0x00000260bebac000 is a thread


Registers:
RAX=0x00007ff8c6f6b758, RBX=0x0000000000000000, RCX=0x000000ee516fa5d8, RDX=0x0000000000000000
RSP=0x000000ee4ddfeaa0, RBP=0x000000ee4ddff468, RSI=0x000000ee516fa5d0, RDI=0x000000ee516fa590
R8 =0x000002609c911680, R9 =0x0000000000000001, R10=0x0000000000008000, R11=0x000000ee4ddfe750
R12=0x0000000000000000, R13=0x00000260c2e5c6d8, R14=0x0000000000000000, R15=0x00000260bebac000
RIP=0x00007ff817066360, EFLAGS=0x0000000000010296

Top of Stack: (sp=0x000000ee4ddfeaa0)
0x000000ee4ddfeaa0:   0000000000000000 0000000000000076
0x000000ee4ddfeab0:   0000000000000008 00007ff817043133
0x000000ee4ddfeac0:   00000260c07cbeb8 00007ff80f980bbf
0x000000ee4ddfead0:   0000e6678957f801 00007ff81704da83
0x000000ee4ddfeae0:   000000ee4ddff490 000000ee516fa590
0x000000ee4ddfeaf0:   00007ff81703f150 00007ff81705709b
0x000000ee4ddfeb00:   000000ee516fa5d0 00007ff80f3e112a
0x000000ee4ddfeb10:   0000000000000000 00007ff81704bfae
0x000000ee4ddfeb20:   00000260c07cbeb0 00007ff8170492a6
0x000000ee4ddfeb30:   000000ee516fa5d0 0000000000000000
0x000000ee4ddfeb40:   00000260c07cbeb0 0000000000000000
0x000000ee4ddfeb50:   00000260bf7e1b40 00007ff8170564c2
0x000000ee4ddfeb60:   000000ee4ddfeba0 000000ee516fa5d0
0x000000ee4ddfeb70:   000000ee4ddfec28 0000000000000000
0x000000ee4ddfeb80:   0000000000000001 00000260bc704ba8
0x000000ee4ddfeb90:   00000260bebac348 00007ff84914f05b 

Instructions: (pc=0x00007ff817066360)
0x00007ff817066340:   e9 f3 00 00 00 4d 85 f6 75 24 ff 15 f0 7c 0f 00
0x00007ff817066350:   39 46 48 0f 84 9d 00 00 00 48 8d 4e 08 48 8b 01
0x00007ff817066360:   48 8b 00 ff 15 b7 9c 0f 00 e9 88 00 00 00 48 83
0x00007ff817066370:   3a 00 7c 62 75 06 83 7a 08 00 7e 5a ba 01 00 00 


Stack slot to memory mapping:
stack at sp + 0 slots: 0x0 is NULL
stack at sp + 1 slots: 0x0000000000000076 is an unknown value
stack at sp + 2 slots: 0x0000000000000008 is an unknown value
stack at sp + 3 slots: 0x00007ff817043133 native-platform-file-events.dll
stack at sp + 4 slots: 0x00000260c07cbeb8 points into unknown readable memory: 0x00000260bfd5a360 | 60 a3 d5 bf 60 02 00 00
stack at sp + 5 slots: 0x00007ff80f980bbf jvm.dll
stack at sp + 6 slots: 0x0000e6678957f801 is an unknown value
stack at sp + 7 slots: 0x00007ff81704da83 native-platform-file-events.dll


---------------  P R O C E S S  ---------------

Threads class SMR info:
_java_thread_list=0x00000260c07cbe80, length=85, elements={
0x000002609ea8e800, 0x00000260bc250000, 0x00000260bc259800, 0x00000260bc266000,
0x00000260bc266800, 0x00000260bc268800, 0x00000260bc270000, 0x00000260bc274800,
0x00000260bc27d800, 0x00000260bcd35800, 0x00000260be9fd000, 0x00000260bccbe000,
0x00000260be18a000, 0x00000260be657000, 0x00000260be18b000, 0x00000260bda1c800,
0x00000260bccbb000, 0x00000260bcca7800, 0x00000260bebae800, 0x00000260bebaf800,
0x00000260bebb0800, 0x00000260bebb1000, 0x00000260bebac000, 0x00000260bebae000,
0x00000260bebad000, 0x00000260bce0d800, 0x00000260bce0c000, 0x00000260bce0c800,
0x00000260bce0e800, 0x00000260bce0f000, 0x00000260bce10000, 0x00000260bce14000,
0x00000260bce13800, 0x00000260bce15000, 0x00000260bce15800, 0x00000260bce11800,
0x00000260bce12800, 0x00000260bce16800, 0x00000260bce18000, 0x00000260bce17800,
0x00000260bce19000, 0x00000260bff34000, 0x00000260bff30000, 0x00000260bff2e000,
0x00000260bff30800, 0x00000260bff33000, 0x00000260bff31800, 0x00000260bff34800,
0x00000260bff32000, 0x00000260bff2f000, 0x00000260bff37000, 0x00000260bff36800,
0x00000260bff3b000, 0x00000260bff39000, 0x00000260bff35800, 0x00000260bff3c000,
0x00000260bff3d000, 0x00000260bff3a800, 0x00000260bff38000, 0x00000260bff39800,
0x00000260bf698800, 0x00000260bf696000, 0x00000260bf695000, 0x00000260bf694000,
0x00000260bf699000, 0x00000260bf697800, 0x00000260bf696800, 0x00000260bf69a000,
0x00000260bf69e000, 0x00000260bf69b800, 0x00000260bf69b000, 0x00000260bf69d000,
0x00000260bf69f800, 0x00000260bf69c800, 0x00000260bf69f000, 0x00000260bf6a1800,
0x00000260bf6a2000, 0x00000260bf6a3000, 0x00000260bebb2000, 0x00000260c23c5800,
0x00000260c23c0800, 0x00000260c23c7000, 0x00000260c23c1000, 0x00000260c23c2000,
0x00000260c23c6000
}

Java Threads: ( => current thread )
  0x000002609ea8e800 JavaThread "main" [_thread_blocked, id=15444, stack(0x000000ee4bc00000,0x000000ee4bd00000)]
  0x00000260bc250000 JavaThread "Reference Handler" daemon [_thread_blocked, id=15488, stack(0x000000ee4c300000,0x000000ee4c400000)]
  0x00000260bc259800 JavaThread "Finalizer" daemon [_thread_blocked, id=15492, stack(0x000000ee4c400000,0x000000ee4c500000)]
  0x00000260bc266000 JavaThread "Signal Dispatcher" daemon [_thread_blocked, id=15496, stack(0x000000ee4c500000,0x000000ee4c600000)]
  0x00000260bc266800 JavaThread "Attach Listener" daemon [_thread_blocked, id=15500, stack(0x000000ee4c600000,0x000000ee4c700000)]
  0x00000260bc268800 JavaThread "Service Thread" daemon [_thread_blocked, id=15504, stack(0x000000ee4c700000,0x000000ee4c800000)]
  0x00000260bc270000 JavaThread "C2 CompilerThread0" daemon [_thread_blocked, id=15508, stack(0x000000ee4c800000,0x000000ee4c900000)]
  0x00000260bc274800 JavaThread "C1 CompilerThread0" daemon [_thread_in_vm, id=15512, stack(0x000000ee4c900000,0x000000ee4ca00000)]
  0x00000260bc27d800 JavaThread "Sweeper thread" daemon [_thread_blocked, id=15516, stack(0x000000ee4ca00000,0x000000ee4cb00000)]
  0x00000260bcd35800 JavaThread "Common-Cleaner" daemon [_thread_blocked, id=15520, stack(0x000000ee4cb00000,0x000000ee4cc00000)]
  0x00000260be9fd000 JavaThread "Daemon health stats" [_thread_blocked, id=15840, stack(0x000000ee4cd00000,0x000000ee4ce00000)]
  0x00000260bccbe000 JavaThread "Incoming local TCP Connector on port 56328" [_thread_in_native, id=15860, stack(0x000000ee4d000000,0x000000ee4d100000)]
  0x00000260be18a000 JavaThread "Daemon periodic checks" [_thread_blocked, id=15864, stack(0x000000ee4d100000,0x000000ee4d200000)]
  0x00000260be657000 JavaThread "Daemon" [_thread_blocked, id=15868, stack(0x000000ee4d200000,0x000000ee4d300000)]
  0x00000260be18b000 JavaThread "Handler for socket connection from /127.0.0.1:56328 to /127.0.0.1:56329" [_thread_in_native, id=15872, stack(0x000000ee4d300000,0x000000ee4d400000)]
  0x00000260bda1c800 JavaThread "Cancel handler" [_thread_blocked, id=15876, stack(0x000000ee4d400000,0x000000ee4d500000)]
  0x00000260bccbb000 JavaThread "Daemon worker" [_thread_blocked, id=15880, stack(0x000000ee4d500000,0x000000ee4d600000)]
  0x00000260bcca7800 JavaThread "Asynchronous log dispatcher for DefaultDaemonConnection: socket connection from /127.0.0.1:56328 to /127.0.0.1:56329" [_thread_blocked, id=15892, stack(0x000000ee4d600000,0x000000ee4d700000)]
  0x00000260bebae800 JavaThread "Daemon client event forwarder" [_thread_blocked, id=15900, stack(0x000000ee4d800000,0x000000ee4d900000)]
  0x00000260bebaf800 JavaThread "Cache worker for journal cache (C:\Users\PC\.gradle\caches\journal-1)" [_thread_blocked, id=15908, stack(0x000000ee4da00000,0x000000ee4db00000)]
  0x00000260bebb0800 JavaThread "File lock request listener" [_thread_in_native, id=15916, stack(0x000000ee4db00000,0x000000ee4dc00000)]
  0x00000260bebb1000 JavaThread "Cache worker for file hash cache (C:\Users\PC\.gradle\caches\7.6\fileHashes)" [_thread_blocked, id=15984, stack(0x000000ee4dc00000,0x000000ee4dd00000)]
=>0x00000260bebac000 JavaThread "File watcher server" daemon [_thread_in_native, id=16132, stack(0x000000ee4dd00000,0x000000ee4de00000)]
  0x00000260bebae000 JavaThread "Cache worker for checksums cache (C:\Users\PC\AndroidStudioProjects\EcommersAppMVVM\.gradle\7.6\checksums)" [_thread_blocked, id=16156, stack(0x000000ee4e000000,0x000000ee4e100000)]
  0x00000260bebad000 JavaThread "Cache worker for cache directory md-rule (C:\Users\PC\.gradle\caches\7.6\md-rule)" [_thread_blocked, id=16160, stack(0x000000ee4e100000,0x000000ee4e200000)]
  0x00000260bce0d800 JavaThread "Cache worker for file content cache (C:\Users\PC\.gradle\caches\7.6\fileContent)" [_thread_blocked, id=16164, stack(0x000000ee4e200000,0x000000ee4e300000)]
  0x00000260bce0c000 JavaThread "Cache worker for file hash cache (C:\Users\PC\AndroidStudioProjects\EcommersAppMVVM\.gradle\7.6\fileHashes)" [_thread_blocked, id=16168, stack(0x000000ee4e300000,0x000000ee4e400000)]
  0x00000260bce0c800 JavaThread "Cache worker for cache directory md-supplier (C:\Users\PC\.gradle\caches\7.6\md-supplier)" [_thread_blocked, id=16176, stack(0x000000ee4e400000,0x000000ee4e500000)]
  0x00000260bce0e800 JavaThread "Cache worker for execution history cache (C:\Users\PC\.gradle\caches\7.6\executionHistory)" [_thread_blocked, id=16188, stack(0x000000ee4e500000,0x000000ee4e600000)]
  0x00000260bce0f000 JavaThread "jar transforms" [_thread_blocked, id=16192, stack(0x000000ee4e600000,0x000000ee4e700000)]
  0x00000260bce10000 JavaThread "jar transforms Thread 2" [_thread_blocked, id=16196, stack(0x000000ee4e700000,0x000000ee4e800000)]
  0x00000260bce14000 JavaThread "jar transforms Thread 3" [_thread_blocked, id=16232, stack(0x000000ee4e800000,0x000000ee4e900000)]
  0x00000260bce13800 JavaThread "jar transforms Thread 4" [_thread_blocked, id=16236, stack(0x000000ee4e900000,0x000000ee4ea00000)]
  0x00000260bce15000 JavaThread "Cache worker for dependencies-accessors (C:\Users\PC\AndroidStudioProjects\EcommersAppMVVM\.gradle\7.6\dependencies-accessors)" [_thread_blocked, id=16252, stack(0x000000ee4ea00000,0x000000ee4eb00000)]
  0x00000260bce15800 JavaThread "Cache worker for Build Output Cleanup Cache (C:\Users\PC\AndroidStudioProjects\EcommersAppMVVM\.gradle\buildOutputCleanup)" [_thread_blocked, id=15428, stack(0x000000ee4b900000,0x000000ee4ba00000)]
  0x00000260bce11800 JavaThread "Unconstrained build operations" [_thread_blocked, id=15800, stack(0x000000ee4eb00000,0x000000ee4ec00000)]
  0x00000260bce12800 JavaThread "Unconstrained build operations Thread 2" [_thread_blocked, id=13696, stack(0x000000ee4ec00000,0x000000ee4ed00000)]
  0x00000260bce16800 JavaThread "Unconstrained build operations Thread 3" [_thread_blocked, id=13644, stack(0x000000ee4ed00000,0x000000ee4ee00000)]
  0x00000260bce18000 JavaThread "Unconstrained build operations Thread 4" [_thread_blocked, id=10844, stack(0x000000ee4ee00000,0x000000ee4ef00000)]
  0x00000260bce17800 JavaThread "Unconstrained build operations Thread 5" [_thread_blocked, id=15252, stack(0x000000ee4ef00000,0x000000ee4f000000)]
  0x00000260bce19000 JavaThread "Unconstrained build operations Thread 6" [_thread_blocked, id=16008, stack(0x000000ee4f000000,0x000000ee4f100000)]
  0x00000260bff34000 JavaThread "Unconstrained build operations Thread 7" [_thread_blocked, id=12736, stack(0x000000ee4f100000,0x000000ee4f200000)]
  0x00000260bff30000 JavaThread "Unconstrained build operations Thread 8" [_thread_blocked, id=15968, stack(0x000000ee4f200000,0x000000ee4f300000)]
  0x00000260bff2e000 JavaThread "Unconstrained build operations Thread 9" [_thread_blocked, id=15972, stack(0x000000ee4f300000,0x000000ee4f400000)]
  0x00000260bff30800 JavaThread "Unconstrained build operations Thread 10" [_thread_blocked, id=5612, stack(0x000000ee4f400000,0x000000ee4f500000)]
  0x00000260bff33000 JavaThread "Unconstrained build operations Thread 11" [_thread_blocked, id=11568, stack(0x000000ee4f500000,0x000000ee4f600000)]
  0x00000260bff31800 JavaThread "Unconstrained build operations Thread 12" [_thread_blocked, id=15952, stack(0x000000ee4f600000,0x000000ee4f700000)]
  0x00000260bff34800 JavaThread "Unconstrained build operations Thread 13" [_thread_blocked, id=16044, stack(0x000000ee4f700000,0x000000ee4f800000)]
  0x00000260bff32000 JavaThread "Unconstrained build operations Thread 14" [_thread_blocked, id=16048, stack(0x000000ee4f800000,0x000000ee4f900000)]
  0x00000260bff2f000 JavaThread "Unconstrained build operations Thread 15" [_thread_blocked, id=16100, stack(0x000000ee4f900000,0x000000ee4fa00000)]
  0x00000260bff37000 JavaThread "Unconstrained build operations Thread 16" [_thread_blocked, id=16064, stack(0x000000ee4fa00000,0x000000ee4fb00000)]
  0x00000260bff36800 JavaThread "Unconstrained build operations Thread 17" [_thread_blocked, id=8220, stack(0x000000ee4fb00000,0x000000ee4fc00000)]
  0x00000260bff3b000 JavaThread "Unconstrained build operations Thread 18" [_thread_blocked, id=3804, stack(0x000000ee4fc00000,0x000000ee4fd00000)]
  0x00000260bff39000 JavaThread "Unconstrained build operations Thread 19" [_thread_blocked, id=13008, stack(0x000000ee4fd00000,0x000000ee4fe00000)]
  0x00000260bff35800 JavaThread "Unconstrained build operations Thread 20" [_thread_blocked, id=16076, stack(0x000000ee4fe00000,0x000000ee4ff00000)]
  0x00000260bff3c000 JavaThread "Unconstrained build operations Thread 21" [_thread_blocked, id=16080, stack(0x000000ee4ff00000,0x000000ee50000000)]
  0x00000260bff3d000 JavaThread "Unconstrained build operations Thread 22" [_thread_blocked, id=15844, stack(0x000000ee50000000,0x000000ee50100000)]
  0x00000260bff3a800 JavaThread "Unconstrained build operations Thread 23" [_thread_blocked, id=9776, stack(0x000000ee50100000,0x000000ee50200000)]
  0x00000260bff38000 JavaThread "Unconstrained build operations Thread 24" [_thread_blocked, id=11912, stack(0x000000ee50200000,0x000000ee50300000)]
  0x00000260bff39800 JavaThread "Unconstrained build operations Thread 25" [_thread_blocked, id=16112, stack(0x000000ee50300000,0x000000ee50400000)]
  0x00000260bf698800 JavaThread "Unconstrained build operations Thread 26" [_thread_blocked, id=16116, stack(0x000000ee50400000,0x000000ee50500000)]
  0x00000260bf696000 JavaThread "Unconstrained build operations Thread 27" [_thread_blocked, id=15980, stack(0x000000ee50500000,0x000000ee50600000)]
  0x00000260bf695000 JavaThread "Unconstrained build operations Thread 28" [_thread_blocked, id=15056, stack(0x000000ee50600000,0x000000ee50700000)]
  0x00000260bf694000 JavaThread "Unconstrained build operations Thread 29" [_thread_blocked, id=14744, stack(0x000000ee50700000,0x000000ee50800000)]
  0x00000260bf699000 JavaThread "Unconstrained build operations Thread 30" [_thread_blocked, id=16148, stack(0x000000ee50800000,0x000000ee50900000)]
  0x00000260bf697800 JavaThread "Unconstrained build operations Thread 31" [_thread_blocked, id=16152, stack(0x000000ee50900000,0x000000ee50a00000)]
  0x00000260bf696800 JavaThread "Unconstrained build operations Thread 32" [_thread_blocked, id=16036, stack(0x000000ee50a00000,0x000000ee50b00000)]
  0x00000260bf69a000 JavaThread "Unconstrained build operations Thread 33" [_thread_blocked, id=9344, stack(0x000000ee50b00000,0x000000ee50c00000)]
  0x00000260bf69e000 JavaThread "Unconstrained build operations Thread 34" [_thread_blocked, id=13428, stack(0x000000ee50c00000,0x000000ee50d00000)]
  0x00000260bf69b800 JavaThread "Unconstrained build operations Thread 35" [_thread_blocked, id=16180, stack(0x000000ee50d00000,0x000000ee50e00000)]
  0x00000260bf69b000 JavaThread "Unconstrained build operations Thread 36" [_thread_blocked, id=16184, stack(0x000000ee50e00000,0x000000ee50f00000)]
  0x00000260bf69d000 JavaThread "Unconstrained build operations Thread 37" [_thread_blocked, id=11116, stack(0x000000ee50f00000,0x000000ee51000000)]
  0x00000260bf69f800 JavaThread "Unconstrained build operations Thread 38" [_thread_blocked, id=16204, stack(0x000000ee51000000,0x000000ee51100000)]
  0x00000260bf69c800 JavaThread "Unconstrained build operations Thread 39" [_thread_blocked, id=16208, stack(0x000000ee51100000,0x000000ee51200000)]
  0x00000260bf69f000 JavaThread "Unconstrained build operations Thread 40" [_thread_blocked, id=16216, stack(0x000000ee51200000,0x000000ee51300000)]
  0x00000260bf6a1800 JavaThread "Memory manager" [_thread_blocked, id=13416, stack(0x000000ee4ba00000,0x000000ee4bb00000)]
  0x00000260bf6a2000 JavaThread "build event listener" [_thread_blocked, id=17280, stack(0x000000ee4bb00000,0x000000ee4bc00000)]
  0x00000260bf6a3000 JavaThread "pool-3-thread-1" [_thread_blocked, id=11344, stack(0x000000ee4d700000,0x000000ee4d800000)]
  0x00000260bebb2000 JavaThread "build event listener" [_thread_blocked, id=13604, stack(0x000000ee4de00000,0x000000ee4df00000)]
  0x00000260c23c5800 JavaThread "included builds" [_thread_blocked, id=16576, stack(0x000000ee51300000,0x000000ee51400000)]
  0x00000260c23c0800 JavaThread "Execution worker" [_thread_blocked, id=16628, stack(0x000000ee51400000,0x000000ee51500000)]
  0x00000260c23c7000 JavaThread "Execution worker Thread 2" [_thread_blocked, id=4316, stack(0x000000ee51500000,0x000000ee51600000)]
  0x00000260c23c1000 JavaThread "Execution worker Thread 3" [_thread_blocked, id=16636, stack(0x000000ee51600000,0x000000ee51700000)]
  0x00000260c23c2000 JavaThread "Cache worker for execution history cache (C:\Users\PC\AndroidStudioProjects\EcommersAppMVVM\.gradle\7.6\executionHistory)" [_thread_blocked, id=16708, stack(0x000000ee51700000,0x000000ee51800000)]
  0x00000260c23c6000 JavaThread "File lock release action executor Thread 2" [_thread_blocked, id=16648, stack(0x000000ee51800000,0x000000ee51900000)]

Other Threads:
  0x00000260bc24c800 VMThread "VM Thread" [stack: 0x000000ee4c200000,0x000000ee4c300000] [id=15484]
  0x00000260bcd7b000 WatcherThread [stack: 0x000000ee4cc00000,0x000000ee4cd00000] [id=15524]
  0x000002609eaa4800 GCTaskThread "GC Thread#0" [stack: 0x000000ee4bd00000,0x000000ee4be00000] [id=15448]
  0x00000260bd16f000 GCTaskThread "GC Thread#1" [stack: 0x000000ee4ce00000,0x000000ee4cf00000] [id=15680]
  0x00000260bd400800 GCTaskThread "GC Thread#2" [stack: 0x000000ee4cf00000,0x000000ee4d000000] [id=15684]
  0x00000260beb12000 GCTaskThread "GC Thread#3" [stack: 0x000000ee4d900000,0x000000ee4da00000] [id=15904]
  0x000002609ead6800 ConcurrentGCThread "G1 Main Marker" [stack: 0x000000ee4be00000,0x000000ee4bf00000] [id=15452]
  0x000002609ead7800 ConcurrentGCThread "G1 Conc#0" [stack: 0x000000ee4bf00000,0x000000ee4c000000] [id=15456]
  0x000002609eb66800 ConcurrentGCThread "G1 Refine#0" [stack: 0x000000ee4c000000,0x000000ee4c100000] [id=15460]
  0x000002609eb67800 ConcurrentGCThread "G1 Young RemSet Sampling" [stack: 0x000000ee4c100000,0x000000ee4c200000] [id=15464]

Threads with active compile tasks:

VM state:not at safepoint (normal execution)

VM Mutex/Monitor currently owned by a thread: None

Heap address: 0x0000000080000000, size: 2048 MB, Compressed Oops mode: 32-bit
Narrow klass base: 0x0000000000000000, Narrow klass shift: 3
Compressed class space size: 1073741824 Address: 0x0000000100000000

Heap:
 garbage-first heap   total 131072K, used 93017K [0x0000000080000000, 0x0000000100000000)
  region size 1024K, 16 young (16384K), 5 survivors (5120K)
 Metaspace       used 87085K, capacity 89138K, committed 89372K, reserved 1126400K
  class space    used 11423K, capacity 12190K, committed 12316K, reserved 1048576K
Heap Regions: E=young(eden), S=young(survivor), O=old, HS=humongous(starts), HC=humongous(continues), CS=collection set, F=free, A=archive, TAMS=top-at-mark-start (previous, next)
|   0|0x0000000080000000, 0x0000000080100000, 0x0000000080100000|100%|HS|  |TAMS 0x0000000080100000, 0x0000000080000000| Complete 
|   1|0x0000000080100000, 0x0000000080200000, 0x0000000080200000|100%|HC|  |TAMS 0x0000000080200000, 0x0000000080100000| Complete 
|   2|0x0000000080200000, 0x0000000080300000, 0x0000000080300000|100%|HC|  |TAMS 0x0000000080300000, 0x0000000080200000| Complete 
|   3|0x0000000080300000, 0x0000000080400000, 0x0000000080400000|100%| O|  |TAMS 0x0000000080400000, 0x0000000080300000| Untracked 
|   4|0x0000000080400000, 0x0000000080500000, 0x0000000080500000|100%| O|  |TAMS 0x0000000080500000, 0x0000000080400000| Untracked 
|   5|0x0000000080500000, 0x0000000080600000, 0x0000000080600000|100%| O|  |TAMS 0x0000000080600000, 0x0000000080500000| Untracked 
|   6|0x0000000080600000, 0x0000000080700000, 0x0000000080700000|100%| O|  |TAMS 0x0000000080700000, 0x0000000080600000| Untracked 
|   7|0x0000000080700000, 0x0000000080800000, 0x0000000080800000|100%| O|  |TAMS 0x0000000080800000, 0x0000000080700000| Untracked 
|   8|0x0000000080800000, 0x0000000080900000, 0x0000000080900000|100%| O|  |TAMS 0x0000000080900000, 0x0000000080800000| Untracked 
|   9|0x0000000080900000, 0x0000000080a00000, 0x0000000080a00000|100%| O|  |TAMS 0x0000000080a00000, 0x0000000080900000| Untracked 
|  10|0x0000000080a00000, 0x0000000080b00000, 0x0000000080b00000|100%| O|  |TAMS 0x0000000080b00000, 0x0000000080a00000| Untracked 
|  11|0x0000000080b00000, 0x0000000080c00000, 0x0000000080c00000|100%| O|  |TAMS 0x0000000080c00000, 0x0000000080b00000| Untracked 
|  12|0x0000000080c00000, 0x0000000080d00000, 0x0000000080d00000|100%| O|  |TAMS 0x0000000080d00000, 0x0000000080c00000| Untracked 
|  13|0x0000000080d00000, 0x0000000080e00000, 0x0000000080e00000|100%| O|  |TAMS 0x0000000080e00000, 0x0000000080d00000| Untracked 
|  14|0x0000000080e00000, 0x0000000080f00000, 0x0000000080f00000|100%| O|  |TAMS 0x0000000080f00000, 0x0000000080e00000| Untracked 
|  15|0x0000000080f00000, 0x0000000081000000, 0x0000000081000000|100%| O|  |TAMS 0x0000000081000000, 0x0000000080f00000| Untracked 
|  16|0x0000000081000000, 0x0000000081100000, 0x0000000081100000|100%| O|  |TAMS 0x0000000081100000, 0x0000000081000000| Untracked 
|  17|0x0000000081100000, 0x0000000081200000, 0x0000000081200000|100%|HS|  |TAMS 0x0000000081200000, 0x0000000081100000| Complete 
|  18|0x0000000081200000, 0x0000000081300000, 0x0000000081300000|100%| O|  |TAMS 0x0000000081300000, 0x0000000081200000| Untracked 
|  19|0x0000000081300000, 0x0000000081400000, 0x0000000081400000|100%| O|  |TAMS 0x0000000081400000, 0x0000000081300000| Untracked 
|  20|0x0000000081400000, 0x0000000081500000, 0x0000000081500000|100%| O|  |TAMS 0x0000000081500000, 0x0000000081400000| Untracked 
|  21|0x0000000081500000, 0x0000000081600000, 0x0000000081600000|100%| O|  |TAMS 0x0000000081600000, 0x0000000081500000| Untracked 
|  22|0x0000000081600000, 0x0000000081700000, 0x0000000081700000|100%| O|  |TAMS 0x0000000081700000, 0x0000000081600000| Untracked 
|  23|0x0000000081700000, 0x0000000081800000, 0x0000000081800000|100%| O|  |TAMS 0x0000000081800000, 0x0000000081700000| Untracked 
|  24|0x0000000081800000, 0x0000000081900000, 0x0000000081900000|100%| O|  |TAMS 0x0000000081900000, 0x0000000081800000| Untracked 
|  25|0x0000000081900000, 0x0000000081a00000, 0x0000000081a00000|100%| O|  |TAMS 0x0000000081a00000, 0x0000000081900000| Untracked 
|  26|0x0000000081a00000, 0x0000000081b00000, 0x0000000081b00000|100%| O|  |TAMS 0x0000000081b00000, 0x0000000081a00000| Untracked 
|  27|0x0000000081b00000, 0x0000000081c00000, 0x0000000081c00000|100%| O|  |TAMS 0x0000000081c00000, 0x0000000081b00000| Untracked 
|  28|0x0000000081c00000, 0x0000000081d00000, 0x0000000081d00000|100%| O|  |TAMS 0x0000000081d00000, 0x0000000081c00000| Untracked 
|  29|0x0000000081d00000, 0x0000000081e00000, 0x0000000081e00000|100%|HS|  |TAMS 0x0000000081e00000, 0x0000000081d00000| Complete 
|  30|0x0000000081e00000, 0x0000000081f00000, 0x0000000081f00000|100%|HS|  |TAMS 0x0000000081f00000, 0x0000000081e00000| Complete 
|  31|0x0000000081f00000, 0x0000000082000000, 0x0000000082000000|100%|HS|  |TAMS 0x0000000082000000, 0x0000000081f00000| Complete 
|  32|0x0000000082000000, 0x0000000082100000, 0x0000000082100000|100%|HC|  |TAMS 0x0000000082100000, 0x0000000082000000| Complete 
|  33|0x0000000082100000, 0x0000000082200000, 0x0000000082200000|100%|HC|  |TAMS 0x0000000082200000, 0x0000000082100000| Complete 
|  34|0x0000000082200000, 0x0000000082300000, 0x0000000082300000|100%|HC|  |TAMS 0x0000000082300000, 0x0000000082200000| Complete 
|  35|0x0000000082300000, 0x0000000082400000, 0x0000000082400000|100%| O|  |TAMS 0x0000000082400000, 0x0000000082300000| Untracked 
|  36|0x0000000082400000, 0x0000000082500000, 0x0000000082500000|100%|HS|  |TAMS 0x0000000082500000, 0x0000000082400000| Complete 
|  37|0x0000000082500000, 0x0000000082600000, 0x0000000082600000|100%|HC|  |TAMS 0x0000000082600000, 0x0000000082500000| Complete 
|  38|0x0000000082600000, 0x0000000082700000, 0x0000000082700000|100%| O|  |TAMS 0x0000000082700000, 0x0000000082600000| Untracked 
|  39|0x0000000082700000, 0x0000000082800000, 0x0000000082800000|100%| O|  |TAMS 0x0000000082800000, 0x0000000082700000| Untracked 
|  40|0x0000000082800000, 0x0000000082900000, 0x0000000082900000|100%| O|  |TAMS 0x0000000082900000, 0x0000000082800000| Untracked 
|  41|0x0000000082900000, 0x0000000082a00000, 0x0000000082a00000|100%| O|  |TAMS 0x0000000082a00000, 0x0000000082900000| Untracked 
|  42|0x0000000082a00000, 0x0000000082b00000, 0x0000000082b00000|100%| O|  |TAMS 0x0000000082b00000, 0x0000000082a00000| Untracked 
|  43|0x0000000082b00000, 0x0000000082c00000, 0x0000000082c00000|100%| O|  |TAMS 0x0000000082c00000, 0x0000000082b00000| Untracked 
|  44|0x0000000082c00000, 0x0000000082d00000, 0x0000000082d00000|100%| O|  |TAMS 0x0000000082d00000, 0x0000000082c00000| Untracked 
|  45|0x0000000082d00000, 0x0000000082e00000, 0x0000000082e00000|100%| O|  |TAMS 0x0000000082e00000, 0x0000000082d00000| Untracked 
|  46|0x0000000082e00000, 0x0000000082f00000, 0x0000000082f00000|100%| O|  |TAMS 0x0000000082f00000, 0x0000000082e00000| Untracked 
|  47|0x0000000082f00000, 0x0000000083000000, 0x0000000083000000|100%| O|  |TAMS 0x0000000083000000, 0x0000000082f00000| Untracked 
|  48|0x0000000083000000, 0x0000000083100000, 0x0000000083100000|100%| O|  |TAMS 0x0000000083100000, 0x0000000083000000| Untracked 
|  49|0x0000000083100000, 0x0000000083200000, 0x0000000083200000|100%| O|  |TAMS 0x0000000083200000, 0x0000000083100000| Untracked 
|  50|0x0000000083200000, 0x0000000083300000, 0x0000000083300000|100%| O|  |TAMS 0x0000000083300000, 0x0000000083200000| Untracked 
|  51|0x0000000083300000, 0x0000000083400000, 0x0000000083400000|100%| O|  |TAMS 0x0000000083400000, 0x0000000083300000| Untracked 
|  52|0x0000000083400000, 0x0000000083500000, 0x0000000083500000|100%| O|  |TAMS 0x0000000083500000, 0x0000000083400000| Untracked 
|  53|0x0000000083500000, 0x0000000083600000, 0x0000000083600000|100%| O|  |TAMS 0x0000000083600000, 0x0000000083500000| Untracked 
|  54|0x0000000083600000, 0x0000000083700000, 0x0000000083700000|100%| O|  |TAMS 0x0000000083700000, 0x0000000083600000| Untracked 
|  55|0x0000000083700000, 0x0000000083800000, 0x0000000083800000|100%| O|  |TAMS 0x0000000083800000, 0x0000000083700000| Untracked 
|  56|0x0000000083800000, 0x0000000083900000, 0x0000000083900000|100%| O|  |TAMS 0x0000000083900000, 0x0000000083800000| Untracked 
|  57|0x0000000083900000, 0x0000000083a00000, 0x0000000083a00000|100%| O|  |TAMS 0x0000000083a00000, 0x0000000083900000| Untracked 
|  58|0x0000000083a00000, 0x0000000083b00000, 0x0000000083b00000|100%| O|  |TAMS 0x0000000083b00000, 0x0000000083a00000| Untracked 
|  59|0x0000000083b00000, 0x0000000083c00000, 0x0000000083c00000|100%| O|  |TAMS 0x0000000083c00000, 0x0000000083b00000| Untracked 
|  60|0x0000000083c00000, 0x0000000083d00000, 0x0000000083d00000|100%| O|  |TAMS 0x0000000083d00000, 0x0000000083c00000| Untracked 
|  61|0x0000000083d00000, 0x0000000083e00000, 0x0000000083e00000|100%| O|  |TAMS 0x0000000083e00000, 0x0000000083d00000| Untracked 
|  62|0x0000000083e00000, 0x0000000083f00000, 0x0000000083f00000|100%| O|  |TAMS 0x0000000083f00000, 0x0000000083e00000| Untracked 
|  63|0x0000000083f00000, 0x0000000084000000, 0x0000000084000000|100%| O|  |TAMS 0x0000000084000000, 0x0000000083f00000| Untracked 
|  64|0x0000000084000000, 0x0000000084100000, 0x0000000084100000|100%| O|  |TAMS 0x0000000084100000, 0x0000000084000000| Untracked 
|  65|0x0000000084100000, 0x0000000084200000, 0x0000000084200000|100%| O|  |TAMS 0x0000000084200000, 0x0000000084100000| Untracked 
|  66|0x0000000084200000, 0x0000000084300000, 0x0000000084300000|100%| O|  |TAMS 0x0000000084300000, 0x0000000084200000| Untracked 
|  67|0x0000000084300000, 0x0000000084400000, 0x0000000084400000|100%| O|  |TAMS 0x0000000084400000, 0x0000000084300000| Untracked 
|  68|0x0000000084400000, 0x0000000084500000, 0x0000000084500000|100%| O|  |TAMS 0x0000000084500000, 0x0000000084400000| Untracked 
|  69|0x0000000084500000, 0x0000000084600000, 0x0000000084600000|100%| O|  |TAMS 0x0000000084600000, 0x0000000084500000| Untracked 
|  70|0x0000000084600000, 0x0000000084700000, 0x0000000084700000|100%| O|  |TAMS 0x0000000084700000, 0x0000000084600000| Untracked 
|  71|0x0000000084700000, 0x0000000084800000, 0x0000000084800000|100%| O|  |TAMS 0x0000000084800000, 0x0000000084700000| Untracked 
|  72|0x0000000084800000, 0x0000000084900000, 0x0000000084900000|100%| O|  |TAMS 0x000000008487c600, 0x0000000084800000| Untracked 
|  73|0x0000000084900000, 0x0000000084a00000, 0x0000000084a00000|100%| O|  |TAMS 0x0000000084900000, 0x0000000084900000| Untracked 
|  74|0x0000000084a00000, 0x0000000084b00000, 0x0000000084b00000|100%| O|  |TAMS 0x0000000084a00000, 0x0000000084a00000| Untracked 
|  75|0x0000000084b00000, 0x0000000084c00000, 0x0000000084c00000|100%| O|  |TAMS 0x0000000084b00000, 0x0000000084b00000| Untracked 
|  76|0x0000000084c00000, 0x0000000084d00000, 0x0000000084d00000|100%| O|  |TAMS 0x0000000084c00000, 0x0000000084c00000| Untracked 
|  77|0x0000000084d00000, 0x0000000084d31e00, 0x0000000084e00000| 19%| O|  |TAMS 0x0000000084d00000, 0x0000000084d00000| Untracked 
|  78|0x0000000084e00000, 0x0000000084e00000, 0x0000000084f00000|  0%| F|  |TAMS 0x0000000084e00000, 0x0000000084e00000| Untracked 
|  79|0x0000000084f00000, 0x0000000084f00000, 0x0000000085000000|  0%| F|  |TAMS 0x0000000084f00000, 0x0000000084f00000| Untracked 
|  80|0x0000000085000000, 0x0000000085000000, 0x0000000085100000|  0%| F|  |TAMS 0x0000000085000000, 0x0000000085000000| Untracked 
|  81|0x0000000085100000, 0x0000000085100000, 0x0000000085200000|  0%| F|  |TAMS 0x0000000085100000, 0x0000000085100000| Untracked 
|  82|0x0000000085200000, 0x0000000085200000, 0x0000000085300000|  0%| F|  |TAMS 0x0000000085200000, 0x0000000085200000| Untracked 
|  83|0x0000000085300000, 0x0000000085300000, 0x0000000085400000|  0%| F|  |TAMS 0x0000000085300000, 0x0000000085300000| Untracked 
|  84|0x0000000085400000, 0x0000000085400000, 0x0000000085500000|  0%| F|  |TAMS 0x0000000085400000, 0x0000000085400000| Untracked 
|  85|0x0000000085500000, 0x0000000085500000, 0x0000000085600000|  0%| F|  |TAMS 0x0000000085500000, 0x0000000085500000| Untracked 
|  86|0x0000000085600000, 0x0000000085600000, 0x0000000085700000|  0%| F|  |TAMS 0x0000000085600000, 0x0000000085600000| Untracked 
|  87|0x0000000085700000, 0x0000000085700000, 0x0000000085800000|  0%| F|  |TAMS 0x0000000085700000, 0x0000000085700000| Untracked 
|  88|0x0000000085800000, 0x0000000085800000, 0x0000000085900000|  0%| F|  |TAMS 0x0000000085800000, 0x0000000085800000| Untracked 
|  89|0x0000000085900000, 0x0000000085900000, 0x0000000085a00000|  0%| F|  |TAMS 0x0000000085900000, 0x0000000085900000| Untracked 
|  90|0x0000000085a00000, 0x0000000085a00000, 0x0000000085b00000|  0%| F|  |TAMS 0x0000000085a00000, 0x0000000085a00000| Untracked 
|  91|0x0000000085b00000, 0x0000000085b00000, 0x0000000085c00000|  0%| F|  |TAMS 0x0000000085b00000, 0x0000000085b00000| Untracked 
|  92|0x0000000085c00000, 0x0000000085c00000, 0x0000000085d00000|  0%| F|  |TAMS 0x0000000085c00000, 0x0000000085c00000| Untracked 
|  93|0x0000000085d00000, 0x0000000085d00000, 0x0000000085e00000|  0%| F|  |TAMS 0x0000000085d00000, 0x0000000085d00000| Untracked 
|  94|0x0000000085e00000, 0x0000000085ea46b8, 0x0000000085f00000| 64%| S|CS|TAMS 0x0000000085e00000, 0x0000000085e00000| Complete 
|  95|0x0000000085f00000, 0x0000000086000000, 0x0000000086000000|100%| S|CS|TAMS 0x0000000085f00000, 0x0000000085f00000| Complete 
|  96|0x0000000086000000, 0x0000000086100000, 0x0000000086100000|100%| S|CS|TAMS 0x0000000086000000, 0x0000000086000000| Complete 
|  97|0x0000000086100000, 0x0000000086200000, 0x0000000086200000|100%| S|CS|TAMS 0x0000000086100000, 0x0000000086100000| Complete 
|  98|0x0000000086200000, 0x0000000086300000, 0x0000000086300000|100%| S|CS|TAMS 0x0000000086200000, 0x0000000086200000| Complete 
|  99|0x0000000086300000, 0x0000000086300000, 0x0000000086400000|  0%| F|  |TAMS 0x0000000086300000, 0x0000000086300000| Untracked 
| 100|0x0000000086400000, 0x0000000086400000, 0x0000000086500000|  0%| F|  |TAMS 0x0000000086400000, 0x0000000086400000| Untracked 
| 101|0x0000000086500000, 0x0000000086500000, 0x0000000086600000|  0%| F|  |TAMS 0x0000000086500000, 0x0000000086500000| Untracked 
| 102|0x0000000086600000, 0x0000000086600000, 0x0000000086700000|  0%| F|  |TAMS 0x0000000086600000, 0x0000000086600000| Untracked 
| 103|0x0000000086700000, 0x0000000086700000, 0x0000000086800000|  0%| F|  |TAMS 0x0000000086700000, 0x0000000086700000| Untracked 
| 104|0x0000000086800000, 0x0000000086800000, 0x0000000086900000|  0%| F|  |TAMS 0x0000000086800000, 0x0000000086800000| Untracked 
| 105|0x0000000086900000, 0x0000000086900000, 0x0000000086a00000|  0%| F|  |TAMS 0x0000000086900000, 0x0000000086900000| Untracked 
| 106|0x0000000086a00000, 0x0000000086a00000, 0x0000000086b00000|  0%| F|  |TAMS 0x0000000086a00000, 0x0000000086a00000| Untracked 
| 107|0x0000000086b00000, 0x0000000086b00000, 0x0000000086c00000|  0%| F|  |TAMS 0x0000000086b00000, 0x0000000086b00000| Untracked 
| 108|0x0000000086c00000, 0x0000000086c00000, 0x0000000086d00000|  0%| F|  |TAMS 0x0000000086c00000, 0x0000000086c00000| Untracked 
| 109|0x0000000086d00000, 0x0000000086d00000, 0x0000000086e00000|  0%| F|  |TAMS 0x0000000086d00000, 0x0000000086d00000| Untracked 
| 110|0x0000000086e00000, 0x0000000086e00000, 0x0000000086f00000|  0%| F|  |TAMS 0x0000000086e00000, 0x0000000086e00000| Untracked 
| 111|0x0000000086f00000, 0x0000000086f00000, 0x0000000087000000|  0%| F|  |TAMS 0x0000000086f00000, 0x0000000086f00000| Untracked 
| 112|0x0000000087000000, 0x0000000087000000, 0x0000000087100000|  0%| F|  |TAMS 0x0000000087000000, 0x0000000087000000| Untracked 
| 113|0x0000000087100000, 0x0000000087100000, 0x0000000087200000|  0%| F|  |TAMS 0x0000000087100000, 0x0000000087100000| Untracked 
| 114|0x0000000087200000, 0x0000000087200000, 0x0000000087300000|  0%| F|  |TAMS 0x0000000087200000, 0x0000000087200000| Untracked 
| 115|0x0000000087300000, 0x0000000087300000, 0x0000000087400000|  0%| F|  |TAMS 0x0000000087300000, 0x0000000087300000| Untracked 
| 116|0x0000000087400000, 0x0000000087400000, 0x0000000087500000|  0%| F|  |TAMS 0x0000000087400000, 0x0000000087400000| Untracked 
| 117|0x0000000087500000, 0x000000008750d710, 0x0000000087600000|  5%| E|  |TAMS 0x0000000087500000, 0x0000000087500000| Complete 
| 118|0x0000000087600000, 0x0000000087700000, 0x0000000087700000|100%| E|CS|TAMS 0x0000000087600000, 0x0000000087600000| Complete 
| 119|0x0000000087700000, 0x0000000087800000, 0x0000000087800000|100%| E|CS|TAMS 0x0000000087700000, 0x0000000087700000| Complete 
| 120|0x0000000087800000, 0x0000000087900000, 0x0000000087900000|100%| E|CS|TAMS 0x0000000087800000, 0x0000000087800000| Complete 
| 121|0x0000000087900000, 0x0000000087a00000, 0x0000000087a00000|100%| E|CS|TAMS 0x0000000087900000, 0x0000000087900000| Complete 
| 122|0x0000000087a00000, 0x0000000087b00000, 0x0000000087b00000|100%| E|  |TAMS 0x0000000087a00000, 0x0000000087a00000| Complete 
| 123|0x0000000087b00000, 0x0000000087c00000, 0x0000000087c00000|100%| E|CS|TAMS 0x0000000087b00000, 0x0000000087b00000| Complete 
| 124|0x0000000087c00000, 0x0000000087d00000, 0x0000000087d00000|100%| E|CS|TAMS 0x0000000087c00000, 0x0000000087c00000| Complete 
| 125|0x0000000087d00000, 0x0000000087e00000, 0x0000000087e00000|100%| E|CS|TAMS 0x0000000087d00000, 0x0000000087d00000| Complete 
| 126|0x0000000087e00000, 0x0000000087f00000, 0x0000000087f00000|100%| E|CS|TAMS 0x0000000087e00000, 0x0000000087e00000| Complete 
| 127|0x0000000087f00000, 0x0000000088000000, 0x0000000088000000|100%| E|CS|TAMS 0x0000000087f00000, 0x0000000087f00000| Complete 

Card table byte_map: [0x00000260b5570000,0x00000260b5970000] _byte_map_base: 0x00000260b5170000

Marking Bits (Prev, Next): (CMBitMap*) 0x000002609eacd750, (CMBitMap*) 0x000002609eacd718
 Prev Bits: [0x00000260b7d70000, 0x00000260b9d70000)
 Next Bits: [0x00000260b5d70000, 0x00000260b7d70000)

Polling page: 0x000002609c980000

Metaspace:

Usage:
  Non-class:     75.14 MB capacity,    73.89 MB ( 98%) used,     1.03 MB (  1%) free+waste,   233.88 KB ( <1%) overhead. 
      Class:     11.90 MB capacity,    11.16 MB ( 94%) used,   655.71 KB (  5%) free+waste,   110.81 KB ( <1%) overhead. 
       Both:     87.05 MB capacity,    85.04 MB ( 98%) used,     1.67 MB (  2%) free+waste,   344.69 KB ( <1%) overhead. 

Virtual space:
  Non-class space:       76.00 MB reserved,      75.25 MB (>99%) committed 
      Class space:        1.00 GB reserved,      12.03 MB (  1%) committed 
             Both:        1.07 GB reserved,      87.28 MB (  8%) committed 

Chunk freelists:
   Non-Class:  5.50 KB
       Class:  256 bytes
        Both:  5.75 KB

CodeHeap 'non-profiled nmethods': size=120064Kb used=5770Kb max_used=5770Kb free=114293Kb
 bounds [0x00000260adc30000, 0x00000260ae1e0000, 0x00000260b5170000]
CodeHeap 'profiled nmethods': size=120000Kb used=20052Kb max_used=20052Kb free=99947Kb
 bounds [0x00000260a6700000, 0x00000260a7aa0000, 0x00000260adc30000]
CodeHeap 'non-nmethods': size=5696Kb used=2292Kb max_used=2349Kb free=3403Kb
 bounds [0x00000260a6170000, 0x00000260a63e0000, 0x00000260a6700000]
 total_blobs=10155 nmethods=9257 adapters=809
 compilation: enabled
              stopped_count=0, restarted_count=0
 full_count=0

Compilation events (10 events):
Event: 218.868 Thread 0x00000260bc274800 9268       3       com.google.common.cache.AbstractCache$SimpleStatsCounter::recordMisses (12 bytes)
Event: 218.868 Thread 0x00000260bc274800 nmethod 9268 0x00000260a7a6f290 code [0x00000260a7a6f440, 0x00000260a7a6f5c8]
Event: 218.901 Thread 0x00000260bc274800 9269       3       org.gradle.cache.internal.DefaultFileLockManager::access$100 (4 bytes)
Event: 218.902 Thread 0x00000260bc274800 nmethod 9269 0x00000260a7a6f690 code [0x00000260a7a6f820, 0x00000260a7a6f918]
Event: 218.904 Thread 0x00000260bc274800 9270       3       org.gradle.internal.serialize.InputStreamBackedDecoder::readBytes (11 bytes)
Event: 218.905 Thread 0x00000260bc274800 nmethod 9270 0x00000260a7a6f990 code [0x00000260a7a6fb40, 0x00000260a7a6fc68]
Event: 218.905 Thread 0x00000260bc274800 9271       3       org.gradle.internal.serialize.InputStreamBackedDecoder::readByte (13 bytes)
Event: 218.905 Thread 0x00000260bc274800 nmethod 9271 0x00000260a7a6fd90 code [0x00000260a7a6ff60, 0x00000260a7a70298]
Event: 219.095 Thread 0x00000260bc270000 9272       4       java.security.MessageDigest$Delegate::engineUpdate (11 bytes)
Event: 219.096 Thread 0x00000260bc270000 nmethod 9272 0x00000260ae1c9610 code [0x00000260ae1c9780, 0x00000260ae1c9818]

GC Heap History (10 events):
Event: 144.149 GC heap before
{Heap before GC invocations=22 (full 0):
 garbage-first heap   total 131072K, used 106960K [0x0000000080000000, 0x0000000100000000)
  region size 1024K, 42 young (43008K), 3 survivors (3072K)
 Metaspace       used 76247K, capacity 77977K, committed 78236K, reserved 1116160K
  class space    used 9960K, capacity 10624K, committed 10652K, reserved 1048576K
}
Event: 144.161 GC heap after
{Heap after GC invocations=23 (full 0):
 garbage-first heap   total 131072K, used 69224K [0x0000000080000000, 0x0000000100000000)
  region size 1024K, 6 young (6144K), 6 survivors (6144K)
 Metaspace       used 76247K, capacity 77977K, committed 78236K, reserved 1116160K
  class space    used 9960K, capacity 10624K, committed 10652K, reserved 1048576K
}
Event: 167.384 GC heap before
{Heap before GC invocations=23 (full 0):
 garbage-first heap   total 131072K, used 107112K [0x0000000080000000, 0x0000000100000000)
  region size 1024K, 43 young (44032K), 6 survivors (6144K)
 Metaspace       used 79781K, capacity 81477K, committed 81692K, reserved 1120256K
  class space    used 10491K, capacity 11198K, committed 11292K, reserved 1048576K
}
Event: 167.403 GC heap after
{Heap after GC invocations=24 (full 0):
 garbage-first heap   total 131072K, used 71586K [0x0000000080000000, 0x0000000100000000)
  region size 1024K, 5 young (5120K), 5 survivors (5120K)
 Metaspace       used 79781K, capacity 81477K, committed 81692K, reserved 1120256K
  class space    used 10491K, capacity 11198K, committed 11292K, reserved 1048576K
}
Event: 180.150 GC heap before
{Heap before GC invocations=25 (full 0):
 garbage-first heap   total 131072K, used 108450K [0x0000000080000000, 0x0000000100000000)
  region size 1024K, 41 young (41984K), 5 survivors (5120K)
 Metaspace       used 83353K, capacity 85212K, committed 85532K, reserved 1122304K
  class space    used 10952K, capacity 11675K, committed 11804K, reserved 1048576K
}
Event: 180.168 GC heap after
{Heap after GC invocations=26 (full 0):
 garbage-first heap   total 131072K, used 74396K [0x0000000080000000, 0x0000000100000000)
  region size 1024K, 5 young (5120K), 5 survivors (5120K)
 Metaspace       used 83353K, capacity 85212K, committed 85532K, reserved 1122304K
  class space    used 10952K, capacity 11675K, committed 11804K, reserved 1048576K
}
Event: 185.288 GC heap before
{Heap before GC invocations=26 (full 0):
 garbage-first heap   total 131072K, used 109212K [0x0000000080000000, 0x0000000100000000)
  region size 1024K, 39 young (39936K), 5 survivors (5120K)
 Metaspace       used 83886K, capacity 85763K, committed 86044K, reserved 1124352K
  class space    used 11020K, capacity 11729K, committed 11804K, reserved 1048576K
}
Event: 185.312 GC heap after
{Heap after GC invocations=27 (full 0):
 garbage-first heap   total 131072K, used 79345K [0x0000000080000000, 0x0000000100000000)
  region size 1024K, 5 young (5120K), 5 survivors (5120K)
 Metaspace       used 83886K, capacity 85763K, committed 86044K, reserved 1124352K
  class space    used 11020K, capacity 11729K, committed 11804K, reserved 1048576K
}
Event: 204.273 GC heap before
{Heap before GC invocations=28 (full 0):
 garbage-first heap   total 131072K, used 108017K [0x0000000080000000, 0x0000000100000000)
  region size 1024K, 34 young (34816K), 5 survivors (5120K)
 Metaspace       used 86390K, capacity 88435K, committed 88604K, reserved 1126400K
  class space    used 11301K, capacity 12049K, committed 12060K, reserved 1048576K
}
Event: 204.291 GC heap after
{Heap after GC invocations=29 (full 0):
 garbage-first heap   total 131072K, used 83801K [0x0000000080000000, 0x0000000100000000)
  region size 1024K, 5 young (5120K), 5 survivors (5120K)
 Metaspace       used 86390K, capacity 88435K, committed 88604K, reserved 1126400K
  class space    used 11301K, capacity 12049K, committed 12060K, reserved 1048576K
}

Deoptimization events (10 events):
Event: 204.326 Thread 0x00000260c23c5800 Uncommon trap: reason=bimorphic_or_optimized_type_check action=maybe_recompile pc=0x00000260adeec2d8 method=java.util.stream.MatchOps$MatchOp.evaluateSequential(Ljava/util/stream/PipelineHelper;Ljava/util/Spliterator;)Ljava/lang/Boolean; @ 14 c2
Event: 204.344 Thread 0x00000260c23c1000 Uncommon trap: reason=bimorphic_or_optimized_type_check action=maybe_recompile pc=0x00000260adeec2d8 method=java.util.stream.MatchOps$MatchOp.evaluateSequential(Ljava/util/stream/PipelineHelper;Ljava/util/Spliterator;)Ljava/lang/Boolean; @ 14 c2
Event: 205.075 Thread 0x00000260c23c1000 Uncommon trap: reason=unstable_if action=reinterpret pc=0x00000260adf8a6e4 method=java.util.regex.Matcher.search(I)Z @ 76 c2
Event: 205.075 Thread 0x00000260c23c1000 Uncommon trap: reason=unstable_if action=reinterpret pc=0x00000260ae0ef0b4 method=java.util.regex.Matcher.reset()Ljava/util/regex/Matcher; @ 80 c2
Event: 205.080 Thread 0x00000260c23c1000 Uncommon trap: reason=bimorphic_or_optimized_type_check action=maybe_recompile pc=0x00000260ae160ce0 method=com.google.common.collect.AbstractMapBasedMultimap$WrappedCollection.refreshIfEmpty()V @ 59 c2
Event: 205.080 Thread 0x00000260c23c1000 Uncommon trap: reason=bimorphic_or_optimized_type_check action=maybe_recompile pc=0x00000260ae160ce0 method=com.google.common.collect.AbstractMapBasedMultimap$WrappedCollection.refreshIfEmpty()V @ 59 c2
Event: 205.080 Thread 0x00000260c23c1000 Uncommon trap: reason=bimorphic_or_optimized_type_check action=maybe_recompile pc=0x00000260ae160ce0 method=com.google.common.collect.AbstractMapBasedMultimap$WrappedCollection.refreshIfEmpty()V @ 59 c2
Event: 205.238 Thread 0x00000260c23c1000 Uncommon trap: reason=unstable_if action=reinterpret pc=0x00000260ae0f5874 method=com.google.common.collect.RegularImmutableSet.contains(Ljava/lang/Object;)Z @ 11 c2
Event: 212.070 Thread 0x00000260c23c1000 Uncommon trap: reason=unstable_if action=reinterpret pc=0x00000260ae1ba210 method=org.gradle.internal.logging.slf4j.OutputEventListenerBackedLogger.isLevelAtMost(Lorg/gradle/api/logging/LogLevel;)Z @ 11 c2
Event: 217.076 Thread 0x00000260c23c1000 Uncommon trap: reason=bimorphic_or_optimized_type_check action=maybe_recompile pc=0x00000260ade027d0 method=java.lang.Throwable.<init>(Ljava/lang/String;Ljava/lang/Throwable;)V @ 24 c2

Classes redefined (0 events):
No events

Internal exceptions (10 events):
Event: 203.613 Thread 0x00000260c23c5800 Exception <a 'java/lang/IncompatibleClassChangeError'{0x00000000864aabe0}: Found class java.lang.Object, but interface was expected> (0x00000000864aabe0) thrown at [./open/src/hotspot/share/interpreter/linkResolver.cpp, line 838]
Event: 204.265 Thread 0x00000260c23c5800 Exception <a 'java/lang/NoSuchMethodError'{0x00000000863bad78}: java.lang.invoke.DirectMethodHandle$Holder.invokeSpecial(Ljava/lang/Object;Ljava/lang/Object;Ljava/lang/Object;Ljava/lang/Object;Ljava/lang/Object;)I> (0x00000000863bad78) thrown at [./open/s
Event: 204.302 Thread 0x00000260bebae800 Exception <a 'java/lang/NoSuchMethodError'{0x0000000087f9e7f0}: static Lorg/gradle/internal/build/event/types/DefaultTaskSkippedResult;.<clinit>()V> (0x0000000087f9e7f0) thrown at [./open/src/hotspot/share/prims/jni.cpp, line 1366]
Event: 204.353 Thread 0x00000260c23c1000 Exception <a 'java/lang/IncompatibleClassChangeError'{0x0000000087e7dd50}: Found class java.lang.Object, but interface was expected> (0x0000000087e7dd50) thrown at [./open/src/hotspot/share/interpreter/linkResolver.cpp, line 838]
Event: 204.730 Thread 0x00000260c23c1000 Exception <a 'java/lang/NoSuchMethodError'{0x0000000087c53a10}: java.lang.invoke.DirectMethodHandle$Holder.invokeVirtual(Ljava/lang/Object;Ljava/lang/Object;)V> (0x0000000087c53a10) thrown at [./open/src/hotspot/share/interpreter/linkResolver.cpp, line 77
Event: 212.071 Thread 0x00000260c23c1000 Exception <a 'net/rubygrapefruit/platform/NativeException'{0x0000000087bf5538}: Execution timed out> (0x0000000087bf5538) thrown at [./open/src/hotspot/share/prims/jni.cpp, line 632]
Event: 217.075 Thread 0x00000260c23c1000 Exception <a 'net/rubygrapefruit/platform/NativeException'{0x0000000087a14a78}: Execution timed out> (0x0000000087a14a78) thrown at [./open/src/hotspot/share/prims/jni.cpp, line 632]
Event: 217.085 Thread 0x00000260bebae800 Exception <a 'java/lang/NoSuchMethodError'{0x00000000879e2590}: static Lorg/gradle/internal/build/event/types/DefaultTaskFailureResult;.<clinit>()V> (0x00000000879e2590) thrown at [./open/src/hotspot/share/prims/jni.cpp, line 1366]
Event: 217.090 Thread 0x00000260bebae800 Exception <a 'java/lang/NoSuchMethodError'{0x0000000087812b00}: static [Ljava/lang/Object;.<clinit>()V> (0x0000000087812b00) thrown at [./open/src/hotspot/share/prims/jni.cpp, line 1366]
Event: 217.092 Thread 0x00000260bebae800 Exception <a 'java/lang/NoSuchMethodError'{0x0000000087829b08}: static Lorg/gradle/internal/build/event/types/DefaultFailure;.<clinit>()V> (0x0000000087829b08) thrown at [./open/src/hotspot/share/prims/jni.cpp, line 1366]

Events (10 events):
Event: 219.092 Executing VM operation: RevokeBias
Event: 219.092 Executing VM operation: RevokeBias done
Event: 219.092 Executing VM operation: RevokeBias
Event: 219.092 Executing VM operation: RevokeBias done
Event: 219.092 Executing VM operation: RevokeBias
Event: 219.093 Executing VM operation: RevokeBias done
Event: 219.093 Executing VM operation: RevokeBias
Event: 219.093 Executing VM operation: RevokeBias done
Event: 219.094 Executing VM operation: RevokeBias
Event: 219.095 Executing VM operation: RevokeBias done


Dynamic libraries:
0x00007ff6a8ba0000 - 0x00007ff6a8bb0000 	C:\Program Files\Java\jdk-11\bin\java.exe
0x00007ff84b6f0000 - 0x00007ff84b8e8000 	C:\Windows\SYSTEM32\ntdll.dll
0x00007ff8498e0000 - 0x00007ff84999f000 	C:\Windows\System32\KERNEL32.DLL
0x00007ff848dd0000 - 0x00007ff8490c6000 	C:\Windows\System32\KERNELBASE.dll
0x00007ff849140000 - 0x00007ff849240000 	C:\Windows\System32\ucrtbase.dll
0x00007ff833130000 - 0x00007ff83314b000 	C:\Program Files\Java\jdk-11\bin\VCRUNTIME140.dll
0x00007ff832510000 - 0x00007ff832528000 	C:\Program Files\Java\jdk-11\bin\jli.dll
0x00007ff84ac30000 - 0x00007ff84acdf000 	C:\Windows\System32\ADVAPI32.dll
0x00007ff84a8b0000 - 0x00007ff84a94e000 	C:\Windows\System32\msvcrt.dll
0x00007ff849840000 - 0x00007ff8498dc000 	C:\Windows\System32\sechost.dll
0x00007ff84a5d0000 - 0x00007ff84a6f6000 	C:\Windows\System32\RPCRT4.dll
0x00007ff84a9b0000 - 0x00007ff84ab4d000 	C:\Windows\System32\USER32.dll
0x00007ff849600000 - 0x00007ff849622000 	C:\Windows\System32\win32u.dll
0x00007ff8499a0000 - 0x00007ff8499cc000 	C:\Windows\System32\GDI32.dll
0x00007ff849630000 - 0x00007ff849745000 	C:\Windows\System32\gdi32full.dll
0x00007ff849240000 - 0x00007ff8492dd000 	C:\Windows\System32\msvcp_win.dll
0x00007ff8301d0000 - 0x00007ff83046a000 	C:\Windows\WinSxS\amd64_microsoft.windows.common-controls_6595b64144ccf1df_6.0.19041.1110_none_60b5254171f9507e\COMCTL32.dll
0x00007ff842420000 - 0x00007ff84242a000 	C:\Windows\SYSTEM32\VERSION.dll
0x00007ff84a1a0000 - 0x00007ff84a1d0000 	C:\Windows\System32\IMM32.DLL
0x00007ff831560000 - 0x00007ff83156c000 	C:\Program Files\Java\jdk-11\bin\vcruntime140_1.dll
0x00007ff81b670000 - 0x00007ff81b6fe000 	C:\Program Files\Java\jdk-11\bin\msvcp140.dll
0x00007ff80f330000 - 0x00007ff80fe98000 	C:\Program Files\Java\jdk-11\bin\server\jvm.dll
0x00007ff8497b0000 - 0x00007ff8497b8000 	C:\Windows\System32\PSAPI.DLL
0x00007ff837160000 - 0x00007ff837169000 	C:\Windows\SYSTEM32\WSOCK32.dll
0x00007ff84ae10000 - 0x00007ff84ae7b000 	C:\Windows\System32\WS2_32.dll
0x00007ff845440000 - 0x00007ff845467000 	C:\Windows\SYSTEM32\WINMM.dll
0x00007ff846bb0000 - 0x00007ff846bc2000 	C:\Windows\SYSTEM32\kernel.appcore.dll
0x00007ff82fc40000 - 0x00007ff82fc50000 	C:\Program Files\Java\jdk-11\bin\verify.dll
0x00007ff8356f0000 - 0x00007ff8358d4000 	C:\Windows\SYSTEM32\DBGHELP.DLL
0x00007ff835160000 - 0x00007ff835194000 	C:\Windows\SYSTEM32\dbgcore.DLL
0x00007ff849570000 - 0x00007ff8495f2000 	C:\Windows\System32\bcryptPrimitives.dll
0x00007ff82d640000 - 0x00007ff82d668000 	C:\Program Files\Java\jdk-11\bin\java.dll
0x00007ff82de30000 - 0x00007ff82de3a000 	C:\Program Files\Java\jdk-11\bin\jimage.dll
0x00007ff82dda0000 - 0x00007ff82ddb7000 	C:\Program Files\Java\jdk-11\bin\zip.dll
0x00007ff84af00000 - 0x00007ff84b644000 	C:\Windows\System32\SHELL32.dll
0x00007ff846e90000 - 0x00007ff847623000 	C:\Windows\SYSTEM32\windows.storage.dll
0x00007ff84a1d0000 - 0x00007ff84a524000 	C:\Windows\System32\combase.dll
0x00007ff848750000 - 0x00007ff84877e000 	C:\Windows\SYSTEM32\Wldp.dll
0x00007ff849f60000 - 0x00007ff84a00d000 	C:\Windows\System32\SHCORE.dll
0x00007ff849750000 - 0x00007ff8497a5000 	C:\Windows\System32\shlwapi.dll
0x00007ff848d10000 - 0x00007ff848d2f000 	C:\Windows\SYSTEM32\profapi.dll
0x00007ff82d620000 - 0x00007ff82d639000 	C:\Program Files\Java\jdk-11\bin\net.dll
0x00007ff83f530000 - 0x00007ff83f63a000 	C:\Windows\SYSTEM32\WINHTTP.dll
0x00007ff8484b0000 - 0x00007ff84851a000 	C:\Windows\system32\mswsock.dll
0x00007ff82bdd0000 - 0x00007ff82bde2000 	C:\Program Files\Java\jdk-11\bin\nio.dll
0x00007ff82ddf0000 - 0x00007ff82de17000 	C:\Users\PC\.gradle\native\68d5fa5c4cc2d200863cafc0d521ce42e7d3e7ee720ec0a83991735586a16f82\windows-amd64\native-platform.dll
0x00007ff817020000 - 0x00007ff817164000 	C:\Users\PC\.gradle\native\e376f236ea51e6404a007f0833ffe2c6e607c4080706a723a18a27aeea778392\windows-amd64\native-platform-file-events.dll
0x00007ff82d900000 - 0x00007ff82d909000 	C:\Program Files\Java\jdk-11\bin\management.dll
0x00007ff82d610000 - 0x00007ff82d61b000 	C:\Program Files\Java\jdk-11\bin\management_ext.dll
0x00007ff8486a0000 - 0x00007ff8486b8000 	C:\Windows\SYSTEM32\CRYPTSP.dll
0x00007ff847dd0000 - 0x00007ff847e04000 	C:\Windows\system32\rsaenh.dll
0x00007ff849330000 - 0x00007ff849357000 	C:\Windows\System32\bcrypt.dll
0x00007ff848c60000 - 0x00007ff848c8e000 	C:\Windows\SYSTEM32\USERENV.dll
0x00007ff8486c0000 - 0x00007ff8486cc000 	C:\Windows\SYSTEM32\CRYPTBASE.dll
0x00007ff8481a0000 - 0x00007ff8481dc000 	C:\Windows\SYSTEM32\IPHLPAPI.DLL
0x00007ff84a0c0000 - 0x00007ff84a0c8000 	C:\Windows\System32\NSI.dll
0x00007ff83fad0000 - 0x00007ff83fae7000 	C:\Windows\SYSTEM32\dhcpcsvc6.DLL
0x00007ff840880000 - 0x00007ff84089d000 	C:\Windows\SYSTEM32\dhcpcsvc.DLL
0x00007ff848230000 - 0x00007ff8482fb000 	C:\Windows\SYSTEM32\DNSAPI.dll

dbghelp: loaded successfully - version: 4.0.5 - missing functions: none
symbol engine: initialized successfully - sym options: 0x614 - pdb path: .;C:\Program Files\Java\jdk-11\bin;C:\Windows\SYSTEM32;C:\Windows\WinSxS\amd64_microsoft.windows.common-controls_6595b64144ccf1df_6.0.19041.1110_none_60b5254171f9507e;C:\Program Files\Java\jdk-11\bin\server;C:\Users\PC\.gradle\native\68d5fa5c4cc2d200863cafc0d521ce42e7d3e7ee720ec0a83991735586a16f82\windows-amd64;C:\Users\PC\.gradle\native\e376f236ea51e6404a007f0833ffe2c6e607c4080706a723a18a27aeea778392\windows-amd64

VM Arguments:
jvm_args: --add-opens=java.base/java.util=ALL-UNNAMED --add-opens=java.base/java.lang=ALL-UNNAMED --add-opens=java.base/java.lang.invoke=ALL-UNNAMED --add-opens=java.prefs/java.util.prefs=ALL-UNNAMED --add-opens=java.base/java.nio.charset=ALL-UNNAMED --add-opens=java.base/java.net=ALL-UNNAMED --add-opens=java.base/java.util.concurrent.atomic=ALL-UNNAMED -Xmx2048m -Dfile.encoding=UTF-8 -Duser.country=MX -Duser.language=es -Duser.variant 
java_command: org.gradle.launcher.daemon.bootstrap.GradleDaemon 7.6
java_class_path (initial): C:\Users\PC\.gradle\wrapper\dists\gradle-7.6-bin\9l9tetv7ltxvx3i8an4pb86ye\gradle-7.6\lib\gradle-launcher-7.6.jar
Launcher Type: SUN_STANDARD

[Global flags]
     intx CICompilerCount                          = 3                                         {product} {ergonomic}
     uint ConcGCThreads                            = 1                                         {product} {ergonomic}
     uint G1ConcRefinementThreads                  = 4                                         {product} {ergonomic}
   size_t G1HeapRegionSize                         = 1048576                                   {product} {ergonomic}
    uintx GCDrainStackTargetSize                   = 64                                        {product} {ergonomic}
   size_t InitialHeapSize                          = 134217728                                 {product} {ergonomic}
   size_t MarkStackSize                            = 4194304                                   {product} {ergonomic}
   size_t MaxHeapSize                              = 2147483648                                {product} {command line}
   size_t MaxNewSize                               = 1287651328                                {product} {ergonomic}
   size_t MinHeapDeltaBytes                        = 1048576                                   {product} {ergonomic}
    uintx NonNMethodCodeHeapSize                   = 5830732                                {pd product} {ergonomic}
    uintx NonProfiledCodeHeapSize                  = 122913754                              {pd product} {ergonomic}
    uintx ProfiledCodeHeapSize                     = 122913754                              {pd product} {ergonomic}
    uintx ReservedCodeCacheSize                    = 251658240                              {pd product} {ergonomic}
     bool SegmentedCodeCache                       = true                                      {product} {ergonomic}
     bool UseCompressedClassPointers               = true                                 {lp64_product} {ergonomic}
     bool UseCompressedOops                        = true                                 {lp64_product} {ergonomic}
     bool UseG1GC                                  = true                                      {product} {ergonomic}
     bool UseLargePagesIndividualAllocation        = false                                  {pd product} {ergonomic}

Logging:
Log output configuration:
 #0: stdout all=warning uptime,level,tags
 #1: stderr all=off uptime,level,tags

Environment Variables:
PATH=C:\Program Files\Common Files\Oracle\Java\javapath;C:\Windows\system32;C:\Windows;C:\Windows\System32\Wbem;C:\Windows\System32\WindowsPowerShell\v1.0\;C:\Windows\System32\OpenSSH\;C:\Program Files (x86)\IVI Foundation\VISA\WinNT\Bin\;C:\Program Files\IVI Foundation\VISA\Win64\Bin\;C:\Program Files (x86)\IVI Foundation\VISA\WinNT\Bin;C:\Program Files (x86)\Microsoft SQL Server\110\Tools\Binn\;C:\Program Files (x86)\Microsoft SQL Server\110\DTS\Binn\;C:\Program Files (x86)\IVI Foundation\IVI\bin;C:\Program Files\IVI Foundation\IVI\bin;C:\Program Files\dotnet\;C:\Program Files\nodejs\;C:\Users\PC\AppData\Local\Programs\Python\Python310\Scripts\;C:\Users\PC\AppData\Local\Programs\Python\Python310\;C:\Users\PC\AppData\Local\Microsoft\WindowsApps;;C:\Users\PC\AppData\Local\Programs\Microsoft VS Code\bin;C:\Users\PC\AppData\Roaming\npm
USERNAME=PC
OS=Windows_NT
PROCESSOR_IDENTIFIER=Intel64 Family 6 Model 78 Stepping 3, GenuineIntel



---------------  S Y S T E M  ---------------

OS: Windows 10 , 64 bit Build 19041 (10.0.19041.2913)

CPU:total 4 (initial active 4) (2 cores per cpu, 2 threads per core) family 6 model 78 stepping 3 microcode 0xcc, cmov, cx8, fxsr, mmx, sse, sse2, sse3, ssse3, sse4.1, sse4.2, popcnt, avx, avx2, aes, clmul, erms, 3dnowpref, lzcnt, ht, tsc, tscinvbit, bmi1, bmi2, adx, fma

Memory: 4k page, system-wide physical 8108M (312M free)
TotalPageFile size 9795M (AvailPageFile size 1075M)
current process WorkingSet (physical memory assigned to process): 343M, peak: 357M
current process commit charge ("private bytes"): 382M, peak: 397M

vm_info: Java HotSpot(TM) 64-Bit Server VM (11.0.18+9-LTS-195) for windows-amd64 JRE (11.0.18+9-LTS-195), built on Dec  6 2022 15:50:58 by "mach5one" with MS VC++ 17.1 (VS2022)

END.
